

Processing MainController#index (for 127.0.0.1 at 2008-12-03 07:55:57) [GET]
  Parameters: {"action"=>"index", "controller"=>"main"}
Rendering template within layouts/application
Rendering main/index
Completed in 0.00434 (230 reqs/sec) | Rendering: 0.00252 (58%) | 200 OK [http://localhost/]


Processing MainController#chronic (for 127.0.0.1 at 2008-12-03 07:56:04) [GET]
  Parameters: {"action"=>"chronic", "id"=>"tomor", "controller"=>"main"}
Completed in 0.00302 (330 reqs/sec) | Rendering: 0.00039 (12%) | 200 OK [http://localhost/main/chronic/tomor]


Processing MainController#chronic (for 127.0.0.1 at 2008-12-03 07:56:05) [GET]
  Parameters: {"action"=>"chronic", "id"=>"tomorrow", "controller"=>"main"}
Completed in 0.00316 (316 reqs/sec) | Rendering: 0.00039 (12%) | 200 OK [http://localhost/main/chronic/tomorrow]


Processing MainController#chronic (for 127.0.0.1 at 2008-12-03 07:56:07) [GET]
  Parameters: {"action"=>"chronic", "controller"=>"main"}
Completed in 0.00293 (341 reqs/sec) | Rendering: 0.00042 (14%) | 200 OK [http://localhost/main/chronic/]


Processing MainController#chronic (for 127.0.0.1 at 2008-12-03 07:56:08) [GET]
  Parameters: {"action"=>"chronic", "id"=>"today", "controller"=>"main"}
Completed in 0.00330 (303 reqs/sec) | Rendering: 0.00041 (12%) | 200 OK [http://localhost/main/chronic/today]


Processing MainController#chronic (for 127.0.0.1 at 2008-12-03 07:56:10) [GET]
  Parameters: {"action"=>"chronic", "controller"=>"main"}
Completed in 0.00327 (305 reqs/sec) | Rendering: 0.00043 (13%) | 200 OK [http://localhost/main/chronic/]


Processing MainController#chronic (for 127.0.0.1 at 2008-12-03 07:56:12) [GET]
  Parameters: {"action"=>"chronic", "id"=>"ne", "controller"=>"main"}
Completed in 0.00310 (322 reqs/sec) | Rendering: 0.00039 (12%) | 200 OK [http://localhost/main/chronic/ne]


Processing MainController#chronic (for 127.0.0.1 at 2008-12-03 07:56:12) [GET]
  Parameters: {"action"=>"chronic", "id"=>"next w", "controller"=>"main"}
Completed in 0.07362 (13 reqs/sec) | Rendering: 0.00046 (0%) | 200 OK [http://localhost/main/chronic/next%20w]


Processing MainController#chronic (for 127.0.0.1 at 2008-12-03 07:56:13) [GET]
  Parameters: {"action"=>"chronic", "id"=>"next wee", "controller"=>"main"}
Completed in 0.00319 (313 reqs/sec) | Rendering: 0.00043 (13%) | 200 OK [http://localhost/main/chronic/next%20wee]


Processing MainController#chronic (for 127.0.0.1 at 2008-12-03 07:56:13) [GET]
  Parameters: {"action"=>"chronic", "id"=>"next week", "controller"=>"main"}
Completed in 0.00319 (313 reqs/sec) | Rendering: 0.00039 (12%) | 200 OK [http://localhost/main/chronic/next%20week]


Processing MainController#chronic (for 127.0.0.1 at 2008-12-03 07:56:14) [GET]
  Parameters: {"action"=>"chronic", "id"=>"next we", "controller"=>"main"}
Completed in 0.00309 (323 reqs/sec) | Rendering: 0.00038 (12%) | 200 OK [http://localhost/main/chronic/next%20we]


Processing MainController#chronic (for 127.0.0.1 at 2008-12-03 07:56:15) [GET]
  Parameters: {"action"=>"chronic", "id"=>"next m", "controller"=>"main"}
Completed in 0.00327 (306 reqs/sec) | Rendering: 0.00040 (12%) | 200 OK [http://localhost/main/chronic/next%20m]


Processing MainController#chronic (for 127.0.0.1 at 2008-12-03 07:56:15) [GET]
  Parameters: {"action"=>"chronic", "id"=>"next mon", "controller"=>"main"}
Completed in 0.00315 (317 reqs/sec) | Rendering: 0.00040 (12%) | 200 OK [http://localhost/main/chronic/next%20mon]


Processing MainController#chronic (for 127.0.0.1 at 2008-12-03 07:56:17) [GET]
  Parameters: {"action"=>"chronic", "id"=>"next monda", "controller"=>"main"}
Completed in 0.00420 (238 reqs/sec) | Rendering: 0.00045 (10%) | 200 OK [http://localhost/main/chronic/next%20monda]


Processing MainController#chronic (for 127.0.0.1 at 2008-12-03 07:56:17) [GET]
  Parameters: {"action"=>"chronic", "id"=>"next monday", "controller"=>"main"}
Completed in 0.00304 (328 reqs/sec) | Rendering: 0.00036 (11%) | 200 OK [http://localhost/main/chronic/next%20monday]


Processing MainController#chronic (for 127.0.0.1 at 2008-12-03 07:56:19) [GET]
  Parameters: {"action"=>"chronic", "id"=>"next mo", "controller"=>"main"}
Completed in 0.00327 (305 reqs/sec) | Rendering: 0.00037 (11%) | 200 OK [http://localhost/main/chronic/next%20mo]


Processing MainController#chronic (for 127.0.0.1 at 2008-12-03 07:56:20) [GET]
  Parameters: {"action"=>"chronic", "id"=>"next t", "controller"=>"main"}
Completed in 0.00380 (263 reqs/sec) | Rendering: 0.00043 (11%) | 200 OK [http://localhost/main/chronic/next%20t]


Processing MainController#chronic (for 127.0.0.1 at 2008-12-03 07:56:20) [GET]
  Parameters: {"action"=>"chronic", "id"=>"next tue", "controller"=>"main"}
Completed in 0.00359 (278 reqs/sec) | Rendering: 0.00041 (11%) | 200 OK [http://localhost/main/chronic/next%20tue]


Processing MainController#chronic (for 127.0.0.1 at 2008-12-03 07:56:24) [GET]
  Parameters: {"action"=>"chronic", "id"=>"next t", "controller"=>"main"}
Completed in 0.00312 (320 reqs/sec) | Rendering: 0.00039 (12%) | 200 OK [http://localhost/main/chronic/next%20t]


Processing MainController#chronic (for 127.0.0.1 at 2008-12-03 07:56:24) [GET]
  Parameters: {"action"=>"chronic", "id"=>"nex", "controller"=>"main"}
Completed in 0.00315 (317 reqs/sec) | Rendering: 0.00040 (12%) | 200 OK [http://localhost/main/chronic/nex]


Processing MainController#chronic (for 127.0.0.1 at 2008-12-03 07:56:25) [GET]
  Parameters: {"action"=>"chronic", "controller"=>"main"}
Completed in 0.00294 (340 reqs/sec) | Rendering: 0.00043 (14%) | 200 OK [http://localhost/main/chronic/]


Processing MainController#chronic (for 127.0.0.1 at 2008-12-03 07:56:25) [GET]
  Parameters: {"action"=>"chronic", "id"=>"oct", "controller"=>"main"}
Completed in 0.00315 (316 reqs/sec) | Rendering: 0.00038 (11%) | 200 OK [http://localhost/main/chronic/oct]


Processing MainController#chronic (for 127.0.0.1 at 2008-12-03 07:56:26) [GET]
  Parameters: {"action"=>"chronic", "id"=>"oct", "controller"=>"main"}
Completed in 0.00305 (327 reqs/sec) | Rendering: 0.00038 (12%) | 200 OK [http://localhost/main/chronic/oct]


Processing MainController#chronic (for 127.0.0.1 at 2008-12-03 07:56:26) [GET]
  Parameters: {"action"=>"chronic", "id"=>"oct 1", "controller"=>"main"}
Completed in 0.00291 (343 reqs/sec) | Rendering: 0.00036 (12%) | 200 OK [http://localhost/main/chronic/oct%201]


Processing MainController#chronic (for 127.0.0.1 at 2008-12-03 07:56:28) [GET]
  Parameters: {"action"=>"chronic", "id"=>"oct 18", "controller"=>"main"}
Completed in 0.00297 (337 reqs/sec) | Rendering: 0.00037 (12%) | 200 OK [http://localhost/main/chronic/oct%2018]


Processing MainController#chronic (for 127.0.0.1 at 2008-12-03 07:56:30) [GET]
  Parameters: {"action"=>"chronic", "id"=>"oct 18", "controller"=>"main"}
Completed in 0.00314 (318 reqs/sec) | Rendering: 0.00051 (16%) | 200 OK [http://localhost/main/chronic/oct%2018]


Processing MainController#chronic (for 127.0.0.1 at 2008-12-03 07:56:30) [GET]
  Parameters: {"action"=>"chronic", "id"=>"oct 18 07", "controller"=>"main"}
Completed in 0.00306 (326 reqs/sec) | Rendering: 0.00039 (12%) | 200 OK [http://localhost/main/chronic/oct%2018%2007]


Processing MainController#chronic (for 127.0.0.1 at 2008-12-03 07:56:33) [GET]
  Parameters: {"action"=>"chronic", "id"=>"oct 18 07 3", "controller"=>"main"}
Completed in 0.00333 (300 reqs/sec) | Rendering: 0.00037 (10%) | 200 OK [http://localhost/main/chronic/oct%2018%2007%203]


Processing MainController#chronic (for 127.0.0.1 at 2008-12-03 07:56:34) [GET]
  Parameters: {"action"=>"chronic", "id"=>"oct 18 07 3pm", "controller"=>"main"}
Completed in 0.00343 (291 reqs/sec) | Rendering: 0.00039 (11%) | 200 OK [http://localhost/main/chronic/oct%2018%2007%203pm]


Processing MainController#chronic (for 127.0.0.1 at 2008-12-03 07:56:35) [GET]
  Parameters: {"action"=>"chronic", "id"=>"oct 18 07 3", "controller"=>"main"}
Completed in 0.00334 (299 reqs/sec) | Rendering: 0.00038 (11%) | 200 OK [http://localhost/main/chronic/oct%2018%2007%203]


Processing MainController#chronic (for 127.0.0.1 at 2008-12-03 07:56:36) [GET]
  Parameters: {"action"=>"chronic", "id"=>"oct 18 07 3:", "controller"=>"main"}
Completed in 0.00303 (330 reqs/sec) | Rendering: 0.00039 (13%) | 200 OK [http://localhost/main/chronic/oct%2018%2007%203:]


Processing MainController#chronic (for 127.0.0.1 at 2008-12-03 07:56:36) [GET]
  Parameters: {"action"=>"chronic", "id"=>"oct 18 07 3:30", "controller"=>"main"}
Completed in 0.00359 (278 reqs/sec) | Rendering: 0.00038 (10%) | 200 OK [http://localhost/main/chronic/oct%2018%2007%203:30]


Processing MainController#chronic (for 127.0.0.1 at 2008-12-03 07:56:38) [GET]
  Parameters: {"action"=>"chronic", "controller"=>"main"}
Completed in 0.00293 (340 reqs/sec) | Rendering: 0.00042 (14%) | 200 OK [http://localhost/main/chronic/]


Processing MainController#index (for 127.0.0.1 at 2008-12-03 07:57:56) [GET]
  Parameters: {"action"=>"index", "controller"=>"main"}
Rendering template within layouts/application
Rendering main/index
Completed in 0.00421 (237 reqs/sec) | Rendering: 0.00239 (56%) | 200 OK [http://localhost/]


Processing MainController#chronic (for 127.0.0.1 at 2008-12-03 07:58:01) [GET]
  Parameters: {"action"=>"chronic", "id"=>"net", "controller"=>"main"}
Completed in 0.00294 (340 reqs/sec) | Rendering: 0.00038 (12%) | 200 OK [http://localhost/main/chronic/net]


Processing MainController#chronic (for 127.0.0.1 at 2008-12-03 07:58:02) [GET]
  Parameters: {"action"=>"chronic", "id"=>"nex", "controller"=>"main"}
Completed in 0.00301 (332 reqs/sec) | Rendering: 0.00040 (13%) | 200 OK [http://localhost/main/chronic/nex]


Processing MainController#chronic (for 127.0.0.1 at 2008-12-03 07:58:02) [GET]
  Parameters: {"action"=>"chronic", "id"=>"next mo", "controller"=>"main"}
Completed in 0.00358 (279 reqs/sec) | Rendering: 0.00054 (15%) | 200 OK [http://localhost/main/chronic/next%20mo]


Processing MainController#chronic (for 127.0.0.1 at 2008-12-03 07:58:03) [GET]
  Parameters: {"action"=>"chronic", "id"=>"next mon", "controller"=>"main"}
Completed in 0.00424 (235 reqs/sec) | Rendering: 0.00136 (32%) | 200 OK [http://localhost/main/chronic/next%20mon]


Processing MainController#chronic (for 127.0.0.1 at 2008-12-03 07:58:04) [GET]
  Parameters: {"action"=>"chronic", "controller"=>"main"}
Completed in 0.00299 (333 reqs/sec) | Rendering: 0.00039 (12%) | 200 OK [http://localhost/main/chronic/]
